<?xml version="1.0" encoding="UTF-8"?>
<!-- Generated by org.testng.reporters.JUnitXMLReporter -->
<testsuite ignored="0" hostname="Eric" failures="0" tests="24" name="Command line test" time="0.04" errors="0" timestamp="2022-04-01T19:41:25 PET">
  <testcase classname="lab.ManageDemandTest" name="test_AllOrdersA" time="0.003"/>
  <testcase classname="lab.ManageDemandTest" name="test_AllOrdersANULL" time="0.0"/>
  <testcase classname="lab.ManageDemandTest" name="test_AllOrdersFromBrazil" time="0.0"/>
  <testcase classname="lab.ManageDemandTest" name="test_AllOrdersFromColombia" time="0.001"/>
  <testcase classname="lab.ManageDemandTest" name="test_AllOrdersFromPeru" time="0.0"/>
  <testcase classname="lab.ManageDemandTest" name="test_AllOrdersMix" time="0.0"/>
  <testcase classname="lab.ManageDemandTest" name="test_AllOrdersNULL" time="0.0"/>
  <testcase classname="lab.ManageDemandTest" name="test_totaTaxesNULL" time="0.0"/>
  <testcase classname="lab.ManageDemandTest" name="test_totalQuantityBR" time="0.0"/>
  <testcase classname="lab.ManageDemandTest" name="test_totalQuantityCL" time="0.0"/>
  <testcase classname="lab.ManageDemandTest" name="test_totalQuantityMix" time="0.0"/>
  <testcase classname="lab.ManageDemandTest" name="test_totalQuantityNULL" time="0.0"/>
  <testcase classname="lab.ManageDemandTest" name="test_totalQuantityPE" time="0.0"/>
  <testcase classname="lab.ManageDemandTest" name="test_totalTaxesBR" time="0.001"/>
  <testcase classname="lab.ManageDemandTest" name="test_totalTaxesCL" time="0.0"/>
  <testcase classname="lab.ManageDemandTest" name="test_totalTaxesMix" time="0.0"/>
  <testcase classname="lab.ManageDemandTest" name="test_totalTaxesPE" time="0.0"/>
  <testcase classname="lab.TaxTest" name="testCalculateTaxBRD" time="0.0"/>
  <testcase classname="lab.TaxTest" name="testCalculateTaxBRN" time="0.0"/>
  <testcase classname="lab.TaxTest" name="testCalculateTaxCLD" time="0.0"/>
  <testcase classname="lab.TaxTest" name="testCalculateTaxCLN" time="0.001"/>
  <testcase classname="lab.TaxTest" name="testCalculateTaxPD" time="0.0"/>
  <testcase classname="lab.TaxTest" name="testCalculateTaxPN" time="0.0"/>
  <testcase classname="lab.TaxTest" name="testNullInput" time="0.0"/>
</testsuite> <!-- Command line test -->
