<?xml version="1.0" encoding="UTF-8"?>
<!-- Generated by org.testng.reporters.JUnitXMLReporter -->
<testsuite ignored="0" hostname="Eric" failures="0" tests="7" name="Command line test" time="0.027" errors="0" timestamp="2022-03-31T21:39:30 PET">
  <testcase classname="lab.ManageDemandTest" name="test_AllOrdersFromPeru" time="0.002"/>
  <testcase classname="lab.TaxTest" name="testCalculateTaxBRD" time="0.0"/>
  <testcase classname="lab.TaxTest" name="testCalculateTaxBRN" time="0.001"/>
  <testcase classname="lab.TaxTest" name="testCalculateTaxCLD" time="0.0"/>
  <testcase classname="lab.TaxTest" name="testCalculateTaxCLN" time="0.0"/>
  <testcase classname="lab.TaxTest" name="testCalculateTaxPD" time="0.0"/>
  <testcase classname="lab.TaxTest" name="testCalculateTaxPN" time="0.0"/>
</testsuite> <!-- Command line test -->
