<?xml version="1.0" encoding="UTF-8"?>
<testng-results ignored="0" total="7" passed="7" failed="0" skipped="0">
  <reporter-output>
  </reporter-output>
  <suite started-at="2022-03-31T21:39:30 PET" name="Command line suite" finished-at="2022-03-31T21:39:30 PET" duration-ms="27">
    <groups>
    </groups>
    <test started-at="2022-03-31T21:39:30 PET" name="Command line test" finished-at="2022-03-31T21:39:30 PET" duration-ms="27">
      <class name="lab.TaxTest">
        <test-method is-config="true" signature="setup()[pri:0, instance:lab.TaxTest@551aa95a]" started-at="2022-03-31T21:39:30 PET" name="setup" finished-at="2022-03-31T21:39:30 PET" duration-ms="0" status="PASS">
          <reporter-output>
          </reporter-output>
        </test-method> <!-- setup -->
        <test-method signature="testCalculateTaxBRD()[pri:0, instance:lab.TaxTest@551aa95a]" started-at="2022-03-31T21:39:30 PET" name="testCalculateTaxBRD" finished-at="2022-03-31T21:39:30 PET" duration-ms="0" status="PASS">
          <reporter-output>
          </reporter-output>
        </test-method> <!-- testCalculateTaxBRD -->
        <test-method signature="testCalculateTaxBRN()[pri:0, instance:lab.TaxTest@551aa95a]" started-at="2022-03-31T21:39:30 PET" name="testCalculateTaxBRN" finished-at="2022-03-31T21:39:30 PET" duration-ms="1" status="PASS">
          <reporter-output>
          </reporter-output>
        </test-method> <!-- testCalculateTaxBRN -->
        <test-method signature="testCalculateTaxCLD()[pri:0, instance:lab.TaxTest@551aa95a]" started-at="2022-03-31T21:39:30 PET" name="testCalculateTaxCLD" finished-at="2022-03-31T21:39:30 PET" duration-ms="0" status="PASS">
          <reporter-output>
          </reporter-output>
        </test-method> <!-- testCalculateTaxCLD -->
        <test-method signature="testCalculateTaxCLN()[pri:0, instance:lab.TaxTest@551aa95a]" started-at="2022-03-31T21:39:30 PET" name="testCalculateTaxCLN" finished-at="2022-03-31T21:39:30 PET" duration-ms="0" status="PASS">
          <reporter-output>
          </reporter-output>
        </test-method> <!-- testCalculateTaxCLN -->
        <test-method signature="testCalculateTaxPD()[pri:0, instance:lab.TaxTest@551aa95a]" started-at="2022-03-31T21:39:30 PET" name="testCalculateTaxPD" finished-at="2022-03-31T21:39:30 PET" duration-ms="0" status="PASS">
          <reporter-output>
          </reporter-output>
        </test-method> <!-- testCalculateTaxPD -->
        <test-method signature="testCalculateTaxPN()[pri:0, instance:lab.TaxTest@551aa95a]" started-at="2022-03-31T21:39:30 PET" name="testCalculateTaxPN" finished-at="2022-03-31T21:39:30 PET" duration-ms="0" status="PASS">
          <reporter-output>
          </reporter-output>
        </test-method> <!-- testCalculateTaxPN -->
      </class> <!-- lab.TaxTest -->
      <class name="lab.ManageDemandTest">
        <test-method is-config="true" signature="setup()[pri:0, instance:lab.ManageDemandTest@578486a3]" started-at="2022-03-31T21:39:30 PET" name="setup" finished-at="2022-03-31T21:39:30 PET" duration-ms="9" status="PASS">
          <reporter-output>
          </reporter-output>
        </test-method> <!-- setup -->
        <test-method signature="test_AllOrdersFromPeru()[pri:0, instance:lab.ManageDemandTest@578486a3]" started-at="2022-03-31T21:39:30 PET" name="test_AllOrdersFromPeru" finished-at="2022-03-31T21:39:30 PET" duration-ms="2" status="PASS">
          <reporter-output>
          </reporter-output>
        </test-method> <!-- test_AllOrdersFromPeru -->
      </class> <!-- lab.ManageDemandTest -->
    </test> <!-- Command line test -->
  </suite> <!-- Command line suite -->
</testng-results>
