<?xml version="1.0" encoding="UTF-8"?>
<testsuite xmlns:xsi="http://www.w3.org/2001/XMLSchema-instance" xsi:noNamespaceSchemaLocation="https://maven.apache.org/surefire/maven-surefire-plugin/xsd/surefire-test-report.xsd" name="TestSuite" time="0.527" tests="24" errors="0" skipped="0" failures="0">
  <properties>
[...]
</properties>
  <testcase name="test_AllOrdersA" classname="lab.ManageDemandTest" time="0.007"/>
  <testcase name="test_AllOrdersANULL" classname="lab.ManageDemandTest" time="0"/>
  <testcase name="test_AllOrdersFromBrazil" classname="lab.ManageDemandTest" time="0"/>
  <testcase name="test_AllOrdersFromColombia" classname="lab.ManageDemandTest" time="0"/>
  <testcase name="test_AllOrdersFromPeru" classname="lab.ManageDemandTest" time="0"/>
  <testcase name="test_AllOrdersMix" classname="lab.ManageDemandTest" time="0.001"/>
  <testcase name="test_AllOrdersNULL" classname="lab.ManageDemandTest" time="0"/>
  <testcase name="test_totaTaxesNULL" classname="lab.ManageDemandTest" time="0.001"/>
  <testcase name="test_totalQuantityBR" classname="lab.ManageDemandTest" time="0"/>
  <testcase name="test_totalQuantityCL" classname="lab.ManageDemandTest" time="0"/>
  <testcase name="test_totalQuantityMix" classname="lab.ManageDemandTest" time="0"/>
  <testcase name="test_totalQuantityNULL" classname="lab.ManageDemandTest" time="0.001"/>
  <testcase name="test_totalQuantityPE" classname="lab.ManageDemandTest" time="0.003"/>
  <testcase name="test_totalTaxesBR" classname="lab.ManageDemandTest" time="0.001"/>
  <testcase name="test_totalTaxesCL" classname="lab.ManageDemandTest" time="0"/>
  <testcase name="test_totalTaxesMix" classname="lab.ManageDemandTest" time="0"/>
  <testcase name="test_totalTaxesPE" classname="lab.ManageDemandTest" time="0"/>
  <testcase name="testCalculateTaxBRD" classname="lab.TaxTest" time="0"/>
  <testcase name="testCalculateTaxBRN" classname="lab.TaxTest" time="0"/>
  <testcase name="testCalculateTaxCLD" classname="lab.TaxTest" time="0.001"/>
  <testcase name="testCalculateTaxCLN" classname="lab.TaxTest" time="0"/>
  <testcase name="testCalculateTaxPD" classname="lab.TaxTest" time="0"/>
  <testcase name="testCalculateTaxPN" classname="lab.TaxTest" time="0"/>
  <testcase name="testNullInput" classname="lab.TaxTest" time="0.001"/>
</testsuite>